<?xml version="1.0" encoding="UTF-8" ?>
<testsuite failures="0" time="0.025" errors="1" skipped="0" tests="1" name="serviceTest.ProjectServiceTest">
  <properties>
    <property name="java.runtime.name" value="Java(TM) SE Runtime Environment"/>
    <property name="sun.boot.library.path" value="C:\Program Files (x86)\Java\jdk1.7.0_25\jre\bin"/>
    <property name="java.vm.version" value="23.25-b01"/>
    <property name="java.vm.vendor" value="Oracle Corporation"/>
    <property name="java.vendor.url" value="http://java.oracle.com/"/>
    <property name="path.separator" value=";"/>
    <property name="guice.disable.misplaced.annotation.check" value="true"/>
    <property name="java.vm.name" value="Java HotSpot(TM) Client VM"/>
    <property name="file.encoding.pkg" value="sun.io"/>
    <property name="user.script" value=""/>
    <property name="user.country" value="CN"/>
    <property name="sun.java.launcher" value="SUN_STANDARD"/>
    <property name="sun.os.patch.level" value="Service Pack 1"/>
    <property name="java.vm.specification.name" value="Java Virtual Machine Specification"/>
    <property name="user.dir" value="Y:\EclipseProject\RecentlyProject\toubiao"/>
    <property name="java.runtime.version" value="1.7.0_25-b17"/>
    <property name="java.awt.graphicsenv" value="sun.awt.Win32GraphicsEnvironment"/>
    <property name="java.endorsed.dirs" value="C:\Program Files (x86)\Java\jdk1.7.0_25\jre\lib\endorsed"/>
    <property name="os.arch" value="x86"/>
    <property name="java.io.tmpdir" value="C:\Users\nsl\AppData\Local\Temp\"/>
    <property name="line.separator" value="
"/>
    <property name="java.vm.specification.vendor" value="Oracle Corporation"/>
    <property name="user.variant" value=""/>
    <property name="os.name" value="Windows 7"/>
    <property name="classworlds.conf" value="Y:\EclipseProject\RecentlyProject\.metadata\.plugins\org.eclipse.m2e.launching\launches\m2conf8162315392588027294.tmp"/>
    <property name="sun.jnu.encoding" value="GBK"/>
    <property name="java.library.path" value="C:\Program Files (x86)\Java\jdk1.7.0_25\bin;C:\Windows\Sun\Java\bin;C:\Windows\system32;C:\Windows;C:/Program Files (x86)/Java/jre7/bin/client;C:/Program Files (x86)/Java/jre7/bin;C:/Program Files (x86)/Java/jre7/lib/i386;C:\Program Files (x86)\NVIDIA Corporation\PhysX\Common;C:\Program Files (x86)\Intel\iCLS Client\;C:\Program Files\Intel\iCLS Client\;C:\Windows\system32;C:\Windows;C:\Windows\System32\Wbem;C:\Windows\System32\WindowsPowerShell\v1.0\;C:\Program Files\Intel\Intel(R) Management Engine Components\DAL;C:\Program Files\Intel\Intel(R) Management Engine Components\IPT;C:\Program Files (x86)\Intel\Intel(R) Management Engine Components\DAL;C:\Program Files (x86)\Intel\Intel(R) Management Engine Components\IPT;Z:\SynCloudFolder\Favorite\Maven\Lib\apache-maven-3.2.3-bin\apache-maven-3.2.3\bin;C:\Program Files (x86)\Java\jdk1.7.0_25\bin;C:\Program Files (x86)\IDM Computer Solutions\UltraEdit\;Y:\Eclipse\eclipse-jee-luna-R-win32\eclipse;;."/>
    <property name="java.specification.name" value="Java Platform API Specification"/>
    <property name="java.class.version" value="51.0"/>
    <property name="sun.management.compiler" value="HotSpot Client Compiler"/>
    <property name="os.version" value="6.1"/>
    <property name="user.home" value="C:\Users\nsl"/>
    <property name="user.timezone" value="Asia/Shanghai"/>
    <property name="java.awt.printerjob" value="sun.awt.windows.WPrinterJob"/>
    <property name="java.specification.version" value="1.7"/>
    <property name="file.encoding" value="UTF-8"/>
    <property name="user.name" value="nsl"/>
    <property name="java.class.path" value="Z:\SynCloudFolder\Favorite\Maven\Lib\apache-maven-3.2.3-bin\apache-maven-3.2.3\boot\plexus-classworlds-2.5.1.jar"/>
    <property name="java.vm.specification.version" value="1.7"/>
    <property name="sun.arch.data.model" value="32"/>
    <property name="java.home" value="C:\Program Files (x86)\Java\jdk1.7.0_25\jre"/>
    <property name="sun.java.command" value="org.codehaus.plexus.classworlds.launcher.Launcher -B tomcat:redeploy"/>
    <property name="java.specification.vendor" value="Oracle Corporation"/>
    <property name="user.language" value="zh"/>
    <property name="awt.toolkit" value="sun.awt.windows.WToolkit"/>
    <property name="java.vm.info" value="mixed mode, sharing"/>
    <property name="java.version" value="1.7.0_25"/>
    <property name="java.ext.dirs" value="C:\Program Files (x86)\Java\jdk1.7.0_25\jre\lib\ext;C:\Windows\Sun\Java\lib\ext"/>
    <property name="sun.boot.class.path" value="C:\Program Files (x86)\Java\jdk1.7.0_25\jre\lib\resources.jar;C:\Program Files (x86)\Java\jdk1.7.0_25\jre\lib\rt.jar;C:\Program Files (x86)\Java\jdk1.7.0_25\jre\lib\sunrsasign.jar;C:\Program Files (x86)\Java\jdk1.7.0_25\jre\lib\jsse.jar;C:\Program Files (x86)\Java\jdk1.7.0_25\jre\lib\jce.jar;C:\Program Files (x86)\Java\jdk1.7.0_25\jre\lib\charsets.jar;C:\Program Files (x86)\Java\jdk1.7.0_25\jre\lib\jfr.jar;C:\Program Files (x86)\Java\jdk1.7.0_25\jre\classes"/>
    <property name="java.vendor" value="Oracle Corporation"/>
    <property name="maven.home" value="Z:\SynCloudFolder\Favorite\Maven\Lib\apache-maven-3.2.3-bin\apache-maven-3.2.3"/>
    <property name="file.separator" value="\"/>
    <property name="java.vendor.url.bug" value="http://bugreport.sun.com/bugreport/"/>
    <property name="sun.cpu.endian" value="little"/>
    <property name="sun.io.unicode.encoding" value="UnicodeLittle"/>
    <property name="sun.desktop" value="windows"/>
    <property name="sun.cpu.isalist" value="pentium_pro+mmx pentium_pro pentium+mmx pentium i486 i386 i86"/>
  </properties>
  <testcase time="0.025" classname="serviceTest.ProjectServiceTest" name="testProjectModeDetail">
    <error message="Index: 0, Size: 0" type="java.lang.IndexOutOfBoundsException">java.lang.IndexOutOfBoundsException: Index: 0, Size: 0
	at java.util.ArrayList.rangeCheck(ArrayList.java:604)
	at java.util.ArrayList.get(ArrayList.java:382)
	at toubiao.service.impl.ProjectServiceImpl.getProjectModel(ProjectServiceImpl.java:212)
	at toubiao.service.impl.ProjectServiceImpl$$FastClassByCGLIB$$e31a5d32.invoke(&lt;generated&gt;)
	at org.springframework.cglib.proxy.MethodProxy.invoke(MethodProxy.java:204)
	at org.springframework.aop.framework.CglibAopProxy$CglibMethodInvocation.invokeJoinpoint(CglibAopProxy.java:698)
	at org.springframework.aop.framework.ReflectiveMethodInvocation.proceed(ReflectiveMethodInvocation.java:150)
	at org.springframework.transaction.interceptor.TransactionInterceptor$1.proceedWithInvocation(TransactionInterceptor.java:96)
	at org.springframework.transaction.interceptor.TransactionAspectSupport.invokeWithinTransaction(TransactionAspectSupport.java:260)
	at org.springframework.transaction.interceptor.TransactionInterceptor.invoke(TransactionInterceptor.java:94)
	at org.springframework.aop.framework.ReflectiveMethodInvocation.proceed(ReflectiveMethodInvocation.java:172)
	at org.springframework.aop.interceptor.ExposeInvocationInterceptor.invoke(ExposeInvocationInterceptor.java:91)
	at org.springframework.aop.framework.ReflectiveMethodInvocation.proceed(ReflectiveMethodInvocation.java:172)
	at org.springframework.aop.framework.CglibAopProxy$DynamicAdvisedInterceptor.intercept(CglibAopProxy.java:631)
	at toubiao.service.impl.ProjectServiceImpl$$EnhancerByCGLIB$$7adf4fc1.getProjectModel(&lt;generated&gt;)
	at serviceTest.ProjectServiceTest.testProjectModeDetail(ProjectServiceTest.java:20)
	at sun.reflect.NativeMethodAccessorImpl.invoke0(Native Method)
	at sun.reflect.NativeMethodAccessorImpl.invoke(NativeMethodAccessorImpl.java:57)
	at sun.reflect.DelegatingMethodAccessorImpl.invoke(DelegatingMethodAccessorImpl.java:43)
	at java.lang.reflect.Method.invoke(Method.java:606)
	at org.junit.runners.model.FrameworkMethod$1.runReflectiveCall(FrameworkMethod.java:47)
	at org.junit.internal.runners.model.ReflectiveCallable.run(ReflectiveCallable.java:12)
	at org.junit.runners.model.FrameworkMethod.invokeExplosively(FrameworkMethod.java:44)
	at org.junit.internal.runners.statements.InvokeMethod.evaluate(InvokeMethod.java:17)
	at org.springframework.test.context.junit4.statements.RunBeforeTestMethodCallbacks.evaluate(RunBeforeTestMethodCallbacks.java:74)
	at org.springframework.test.context.junit4.statements.RunAfterTestMethodCallbacks.evaluate(RunAfterTestMethodCallbacks.java:83)
	at org.springframework.test.context.junit4.statements.SpringRepeat.evaluate(SpringRepeat.java:72)
	at org.springframework.test.context.junit4.SpringJUnit4ClassRunner.runChild(SpringJUnit4ClassRunner.java:231)
	at org.junit.runners.BlockJUnit4ClassRunner.runChild(BlockJUnit4ClassRunner.java:50)
	at org.junit.runners.ParentRunner$3.run(ParentRunner.java:238)
	at org.junit.runners.ParentRunner$1.schedule(ParentRunner.java:63)
	at org.junit.runners.ParentRunner.runChildren(ParentRunner.java:236)
	at org.junit.runners.ParentRunner.access$000(ParentRunner.java:53)
	at org.junit.runners.ParentRunner$2.evaluate(ParentRunner.java:229)
	at org.springframework.test.context.junit4.statements.RunBeforeTestClassCallbacks.evaluate(RunBeforeTestClassCallbacks.java:61)
	at org.springframework.test.context.junit4.statements.RunAfterTestClassCallbacks.evaluate(RunAfterTestClassCallbacks.java:71)
	at org.junit.runners.ParentRunner.run(ParentRunner.java:309)
	at org.springframework.test.context.junit4.SpringJUnit4ClassRunner.run(SpringJUnit4ClassRunner.java:174)
	at org.apache.maven.surefire.junit4.JUnit4Provider.execute(JUnit4Provider.java:252)
	at org.apache.maven.surefire.junit4.JUnit4Provider.executeTestSet(JUnit4Provider.java:141)
	at org.apache.maven.surefire.junit4.JUnit4Provider.invoke(JUnit4Provider.java:112)
	at sun.reflect.NativeMethodAccessorImpl.invoke0(Native Method)
	at sun.reflect.NativeMethodAccessorImpl.invoke(NativeMethodAccessorImpl.java:57)
	at sun.reflect.DelegatingMethodAccessorImpl.invoke(DelegatingMethodAccessorImpl.java:43)
	at java.lang.reflect.Method.invoke(Method.java:606)
	at org.apache.maven.surefire.util.ReflectionUtils.invokeMethodWithArray(ReflectionUtils.java:189)
	at org.apache.maven.surefire.booter.ProviderFactory$ProviderProxy.invoke(ProviderFactory.java:165)
	at org.apache.maven.surefire.booter.ProviderFactory.invokeProvider(ProviderFactory.java:85)
	at org.apache.maven.surefire.booter.ForkedBooter.runSuitesInProcess(ForkedBooter.java:115)
	at org.apache.maven.surefire.booter.ForkedBooter.main(ForkedBooter.java:75)
</error>
    <system-out>Hibernate: /* select distinct p from Tproject p  left join fetch p.designerSet designer left join fetch p.contact contact left join fetch p.contractSet contract left join fetch p.departmentSet department left join fetch p.projectPhotoSet photo where p.id=1 group by designer,contact,contract,department,photo */ select distinct tproject0_.ID as ID1_7_0_, tdesigner2_.ID as ID1_5_1_, tcontact3_.ID as ID1_1_2_, tcontract5_.ID as ID1_2_3_, tdepartmen7_.ID as ID1_3_4_, projectpho8_.id as ID1_6_5_, tproject0_.achievementCode as achievem2_7_0_, tproject0_.beginDate as beginDat3_7_0_, tproject0_.classByImportance as classByI4_7_0_, tproject0_.classByPhase as classByP5_7_0_, tproject0_.classByProfession as classByP6_7_0_, tproject0_.contact_id as contact13_7_0_, tproject0_.description as descript7_7_0_, tproject0_.designCode as designCo8_7_0_, tproject0_.investAmount as investAm9_7_0_, tproject0_.partA as partA10_7_0_, tproject0_.projectName as project11_7_0_, tproject0_.sn as sn12_7_0_, tdesigner2_.age as age2_5_1_, tdesigner2_.birthday as birthday3_5_1_, tdesigner2_.department_id as departm18_5_1_, tdesigner2_.distributedMajor as distribu4_5_1_, tdesigner2_.education as educatio5_5_1_, tdesigner2_.gender as gender6_5_1_, tdesigner2_.headship as headship7_5_1_, tdesigner2_.name as name8_5_1_, tdesigner2_.phone as phone9_5_1_, tdesigner2_.professionalTitle as profess10_5_1_, tdesigner2_.school as school11_5_1_, tdesigner2_.schoolMajor as schoolM12_5_1_, tdesigner2_.sn as sn13_5_1_, tdesigner2_.status as status14_5_1_, tdesigner2_.workDate as workDat15_5_1_, tdesigner2_.workingMajor as working16_5_1_, tdesigner2_.workingYears as working17_5_1_, designerse1_.project_id as project1_7_0__, designerse1_.designer_id as designer2_9_0__, tcontact3_.company as company2_1_2_, tcontact3_.department as departme3_1_2_, tcontact3_.name as name4_1_2_, tcontact3_.telephone as telephon5_1_2_, tcontract5_.amount as amount2_2_3_, tcontract5_.name as name3_2_3_, tcontract5_.sn as sn4_2_3_, contractse4_.project_id as project1_7_1__, contractse4_.contract_id as contract2_8_1__, tdepartmen7_.name as name2_3_4_, tdepartmen7_.seq as seq3_3_4_, tdepartmen7_.status as status4_3_4_, department6_.project_id as project1_7_2__, department6_.department_id as departme2_4_2__, projectpho8_1_.description as descript2_6_5_, projectpho8_1_.fileAbsPath as fileAbsP3_6_5_, projectpho8_1_.fileName as fileName4_6_5_, projectpho8_1_.seq as seq5_6_5_, projectpho8_1_.title as title6_6_5_, projectpho8_1_.type as type7_6_5_, projectpho8_1_.webPath as webPath8_6_5_, projectpho8_.project_id as project3_10_5_, projectpho8_.testFieldString as testFiel1_10_5_, projectpho8_.project_id as project3_7_3__, projectpho8_.id as id2_10_3__ from t_project tproject0_ left outer join t_project_designer designerse1_ on tproject0_.ID=designerse1_.project_id left outer join t_designer tdesigner2_ on designerse1_.designer_id=tdesigner2_.ID left outer join t_contact tcontact3_ on tproject0_.contact_id=tcontact3_.ID left outer join t_project_contract contractse4_ on tproject0_.ID=contractse4_.project_id left outer join t_contract tcontract5_ on contractse4_.contract_id=tcontract5_.ID left outer join t_department_project department6_ on tproject0_.ID=department6_.project_id left outer join t_department tdepartmen7_ on department6_.department_id=tdepartmen7_.ID left outer join t_project_photo projectpho8_ on tproject0_.ID=projectpho8_.project_id left outer join t_photo projectpho8_1_ on projectpho8_.id=projectpho8_1_.ID where tproject0_.ID=1 order by projectpho8_1_.seq asc
0
</system-out>
    <system-err>ʮ�� 14, 2015 12:08:46 ���� org.springframework.test.context.TestContextManager retrieveTestExecutionListeners
INFO: @TestExecutionListeners is not present for class [class serviceTest.ProjectServiceTest]: using defaults.
</system-err>
  </testcase>
</testsuite>