<?xml version="1.0" encoding="UTF-8" ?>
<testsuite failures="0" time="0.025" errors="1" skipped="0" tests="1" name="serviceTest.ProjectServiceTest">
  <properties>
[...]
</properties>
  <testcase time="0.025" classname="serviceTest.ProjectServiceTest" name="testProjectModeDetail">
    <error message="Index: 0, Size: 0" type="java.lang.IndexOutOfBoundsException">java.lang.IndexOutOfBoundsException: Index: 0, Size: 0
	at java.util.ArrayList.rangeCheck(ArrayList.java:604)
	at java.util.ArrayList.get(ArrayList.java:382)
	at toubiao.service.impl.ProjectServiceImpl.getProjectModel(ProjectServiceImpl.java:212)
	at toubiao.service.impl.ProjectServiceImpl$$FastClassByCGLIB$$e31a5d32.invoke(&lt;generated&gt;)
	at org.springframework.cglib.proxy.MethodProxy.invoke(MethodProxy.java:204)
	at org.springframework.aop.framework.CglibAopProxy$CglibMethodInvocation.invokeJoinpoint(CglibAopProxy.java:698)
	at org.springframework.aop.framework.ReflectiveMethodInvocation.proceed(ReflectiveMethodInvocation.java:150)
	at org.springframework.transaction.interceptor.TransactionInterceptor$1.proceedWithInvocation(TransactionInterceptor.java:96)
	at org.springframework.transaction.interceptor.TransactionAspectSupport.invokeWithinTransaction(TransactionAspectSupport.java:260)
	at org.springframework.transaction.interceptor.TransactionInterceptor.invoke(TransactionInterceptor.java:94)
	at org.springframework.aop.framework.ReflectiveMethodInvocation.proceed(ReflectiveMethodInvocation.java:172)
	at org.springframework.aop.interceptor.ExposeInvocationInterceptor.invoke(ExposeInvocationInterceptor.java:91)
	at org.springframework.aop.framework.ReflectiveMethodInvocation.proceed(ReflectiveMethodInvocation.java:172)
	at org.springframework.aop.framework.CglibAopProxy$DynamicAdvisedInterceptor.intercept(CglibAopProxy.java:631)
	at toubiao.service.impl.ProjectServiceImpl$$EnhancerByCGLIB$$7adf4fc1.getProjectModel(&lt;generated&gt;)
	at serviceTest.ProjectServiceTest.testProjectModeDetail(ProjectServiceTest.java:20)
	at sun.reflect.NativeMethodAccessorImpl.invoke0(Native Method)
	at sun.reflect.NativeMethodAccessorImpl.invoke(NativeMethodAccessorImpl.java:57)
	at sun.reflect.DelegatingMethodAccessorImpl.invoke(DelegatingMethodAccessorImpl.java:43)
	at java.lang.reflect.Method.invoke(Method.java:606)
	at org.junit.runners.model.FrameworkMethod$1.runReflectiveCall(FrameworkMethod.java:47)
	at org.junit.internal.runners.model.ReflectiveCallable.run(ReflectiveCallable.java:12)
	at org.junit.runners.model.FrameworkMethod.invokeExplosively(FrameworkMethod.java:44)
	at org.junit.internal.runners.statements.InvokeMethod.evaluate(InvokeMethod.java:17)
	at org.springframework.test.context.junit4.statements.RunBeforeTestMethodCallbacks.evaluate(RunBeforeTestMethodCallbacks.java:74)
	at org.springframework.test.context.junit4.statements.RunAfterTestMethodCallbacks.evaluate(RunAfterTestMethodCallbacks.java:83)
	at org.springframework.test.context.junit4.statements.SpringRepeat.evaluate(SpringRepeat.java:72)
	at org.springframework.test.context.junit4.SpringJUnit4ClassRunner.runChild(SpringJUnit4ClassRunner.java:231)
	at org.junit.runners.BlockJUnit4ClassRunner.runChild(BlockJUnit4ClassRunner.java:50)
	at org.junit.runners.ParentRunner$3.run(ParentRunner.java:238)
	at org.junit.runners.ParentRunner$1.schedule(ParentRunner.java:63)
	at org.junit.runners.ParentRunner.runChildren(ParentRunner.java:236)
	at org.junit.runners.ParentRunner.access$000(ParentRunner.java:53)
	at org.junit.runners.ParentRunner$2.evaluate(ParentRunner.java:229)
	at org.springframework.test.context.junit4.statements.RunBeforeTestClassCallbacks.evaluate(RunBeforeTestClassCallbacks.java:61)
	at org.springframework.test.context.junit4.statements.RunAfterTestClassCallbacks.evaluate(RunAfterTestClassCallbacks.java:71)
	at org.junit.runners.ParentRunner.run(ParentRunner.java:309)
	at org.springframework.test.context.junit4.SpringJUnit4ClassRunner.run(SpringJUnit4ClassRunner.java:174)
	at org.apache.maven.surefire.junit4.JUnit4Provider.execute(JUnit4Provider.java:252)
	at org.apache.maven.surefire.junit4.JUnit4Provider.executeTestSet(JUnit4Provider.java:141)
	at org.apache.maven.surefire.junit4.JUnit4Provider.invoke(JUnit4Provider.java:112)
	at sun.reflect.NativeMethodAccessorImpl.invoke0(Native Method)
	at sun.reflect.NativeMethodAccessorImpl.invoke(NativeMethodAccessorImpl.java:57)
	at sun.reflect.DelegatingMethodAccessorImpl.invoke(DelegatingMethodAccessorImpl.java:43)
	at java.lang.reflect.Method.invoke(Method.java:606)
	at org.apache.maven.surefire.util.ReflectionUtils.invokeMethodWithArray(ReflectionUtils.java:189)
	at org.apache.maven.surefire.booter.ProviderFactory$ProviderProxy.invoke(ProviderFactory.java:165)
	at org.apache.maven.surefire.booter.ProviderFactory.invokeProvider(ProviderFactory.java:85)
	at org.apache.maven.surefire.booter.ForkedBooter.runSuitesInProcess(ForkedBooter.java:115)
	at org.apache.maven.surefire.booter.ForkedBooter.main(ForkedBooter.java:75)
</error>
    <system-out>Hibernate: /* select distinct p from Tproject p  left join fetch p.designerSet designer left join fetch p.contact contact left join fetch p.contractSet contract left join fetch p.departmentSet department left join fetch p.projectPhotoSet photo where p.id=1 group by designer,contact,contract,department,photo */ select distinct tproject0_.ID as ID1_7_0_, tdesigner2_.ID as ID1_5_1_, tcontact3_.ID as ID1_1_2_, tcontract5_.ID as ID1_2_3_, tdepartmen7_.ID as ID1_3_4_, projectpho8_.id as ID1_6_5_, tproject0_.achievementCode as achievem2_7_0_, tproject0_.beginDate as beginDat3_7_0_, tproject0_.classByImportance as classByI4_7_0_, tproject0_.classByPhase as classByP5_7_0_, tproject0_.classByProfession as classByP6_7_0_, tproject0_.contact_id as contact13_7_0_, tproject0_.description as descript7_7_0_, tproject0_.designCode as designCo8_7_0_, tproject0_.investAmount as investAm9_7_0_, tproject0_.partA as partA10_7_0_, tproject0_.projectName as project11_7_0_, tproject0_.sn as sn12_7_0_, tdesigner2_.age as age2_5_1_, tdesigner2_.birthday as birthday3_5_1_, tdesigner2_.department_id as departm18_5_1_, tdesigner2_.distributedMajor as distribu4_5_1_, tdesigner2_.education as educatio5_5_1_, tdesigner2_.gender as gender6_5_1_, tdesigner2_.headship as headship7_5_1_, tdesigner2_.name as name8_5_1_, tdesigner2_.phone as phone9_5_1_, tdesigner2_.professionalTitle as profess10_5_1_, tdesigner2_.school as school11_5_1_, tdesigner2_.schoolMajor as schoolM12_5_1_, tdesigner2_.sn as sn13_5_1_, tdesigner2_.status as status14_5_1_, tdesigner2_.workDate as workDat15_5_1_, tdesigner2_.workingMajor as working16_5_1_, tdesigner2_.workingYears as working17_5_1_, designerse1_.project_id as project1_7_0__, designerse1_.designer_id as designer2_9_0__, tcontact3_.company as company2_1_2_, tcontact3_.department as departme3_1_2_, tcontact3_.name as name4_1_2_, tcontact3_.telephone as telephon5_1_2_, tcontract5_.amount as amount2_2_3_, tcontract5_.name as name3_2_3_, tcontract5_.sn as sn4_2_3_, contractse4_.project_id as project1_7_1__, contractse4_.contract_id as contract2_8_1__, tdepartmen7_.name as name2_3_4_, tdepartmen7_.seq as seq3_3_4_, tdepartmen7_.status as status4_3_4_, department6_.project_id as project1_7_2__, department6_.department_id as departme2_4_2__, projectpho8_1_.description as descript2_6_5_, projectpho8_1_.fileAbsPath as fileAbsP3_6_5_, projectpho8_1_.fileName as fileName4_6_5_, projectpho8_1_.seq as seq5_6_5_, projectpho8_1_.title as title6_6_5_, projectpho8_1_.type as type7_6_5_, projectpho8_1_.webPath as webPath8_6_5_, projectpho8_.project_id as project3_10_5_, projectpho8_.testFieldString as testFiel1_10_5_, projectpho8_.project_id as project3_7_3__, projectpho8_.id as id2_10_3__ from t_project tproject0_ left outer join t_project_designer designerse1_ on tproject0_.ID=designerse1_.project_id left outer join t_designer tdesigner2_ on designerse1_.designer_id=tdesigner2_.ID left outer join t_contact tcontact3_ on tproject0_.contact_id=tcontact3_.ID left outer join t_project_contract contractse4_ on tproject0_.ID=contractse4_.project_id left outer join t_contract tcontract5_ on contractse4_.contract_id=tcontract5_.ID left outer join t_department_project department6_ on tproject0_.ID=department6_.project_id left outer join t_department tdepartmen7_ on department6_.department_id=tdepartmen7_.ID left outer join t_project_photo projectpho8_ on tproject0_.ID=projectpho8_.project_id left outer join t_photo projectpho8_1_ on projectpho8_.id=projectpho8_1_.ID where tproject0_.ID=1 order by projectpho8_1_.seq asc
0
</system-out>
    <system-err>ʮ�� 14, 2015 12:08:46 ���� org.springframework.test.context.TestContextManager retrieveTestExecutionListeners
INFO: @TestExecutionListeners is not present for class [class serviceTest.ProjectServiceTest]: using defaults.
</system-err>
  </testcase>
</testsuite>