<?xml version="1.0" encoding="UTF-8" ?>
<testsuite failures="0" time="3.23" errors="1" skipped="0" tests="3" name="hibernate.TestJoinFetch">
  <properties>
[...]
</properties>
  <testcase time="3.22" classname="hibernate.TestJoinFetch" name="testOrderBy"/>
  <testcase time="0.001" classname="hibernate.TestJoinFetch" name="testLazy"/>
  <testcase time="0.009" classname="hibernate.TestJoinFetch" name="testJoinFetch">
    <error message="could not resolve property: projectPhotoList of: toubiao.model.Tproject [select distinct p from toubiao.model.Tproject p  left join fetch p.designerSet designer left join fetch p.contact contact left join fetch p.contractSet contract left join fetch p.departmentSet department left join fetch p.projectPhotoList photo where p.id=1 group by designer,contact,contract,department,photo]" type="org.hibernate.QueryException">org.hibernate.QueryException: could not resolve property: projectPhotoList of: toubiao.model.Tproject [select distinct p from toubiao.model.Tproject p  left join fetch p.designerSet designer left join fetch p.contact contact left join fetch p.contractSet contract left join fetch p.departmentSet department left join fetch p.projectPhotoList photo where p.id=1 group by designer,contact,contract,department,photo]
	at org.hibernate.persister.entity.AbstractPropertyMapping.propertyException(AbstractPropertyMapping.java:83)
	at org.hibernate.persister.entity.AbstractPropertyMapping.toType(AbstractPropertyMapping.java:77)
	at org.hibernate.persister.entity.AbstractEntityPersister.toType(AbstractEntityPersister.java:1968)
	at org.hibernate.hql.internal.ast.tree.FromElementType.getPropertyType(FromElementType.java:313)
	at org.hibernate.hql.internal.ast.tree.FromElement.getPropertyType(FromElement.java:494)
	at org.hibernate.hql.internal.ast.tree.DotNode.getDataType(DotNode.java:598)
	at org.hibernate.hql.internal.ast.tree.DotNode.prepareLhs(DotNode.java:266)
	at org.hibernate.hql.internal.ast.tree.DotNode.resolve(DotNode.java:213)
	at org.hibernate.hql.internal.ast.tree.FromReferenceNode.resolve(FromReferenceNode.java:118)
	at org.hibernate.hql.internal.ast.HqlSqlWalker.createFromJoinElement(HqlSqlWalker.java:377)
	at org.hibernate.hql.internal.antlr.HqlSqlBaseWalker.joinElement(HqlSqlBaseWalker.java:3645)
	at org.hibernate.hql.internal.antlr.HqlSqlBaseWalker.fromElement(HqlSqlBaseWalker.java:3431)
	at org.hibernate.hql.internal.antlr.HqlSqlBaseWalker.fromElementList(HqlSqlBaseWalker.java:3309)
	at org.hibernate.hql.internal.antlr.HqlSqlBaseWalker.fromClause(HqlSqlBaseWalker.java:706)
	at org.hibernate.hql.internal.antlr.HqlSqlBaseWalker.query(HqlSqlBaseWalker.java:562)
	at org.hibernate.hql.internal.antlr.HqlSqlBaseWalker.selectStatement(HqlSqlBaseWalker.java:299)
	at org.hibernate.hql.internal.antlr.HqlSqlBaseWalker.statement(HqlSqlBaseWalker.java:247)
	at org.hibernate.hql.internal.ast.QueryTranslatorImpl.analyze(QueryTranslatorImpl.java:248)
	at org.hibernate.hql.internal.ast.QueryTranslatorImpl.doCompile(QueryTranslatorImpl.java:183)
	at org.hibernate.hql.internal.ast.QueryTranslatorImpl.compile(QueryTranslatorImpl.java:136)
	at org.hibernate.engine.query.spi.HQLQueryPlan.&lt;init&gt;(HQLQueryPlan.java:105)
	at org.hibernate.engine.query.spi.HQLQueryPlan.&lt;init&gt;(HQLQueryPlan.java:80)
	at org.hibernate.engine.query.spi.QueryPlanCache.getHQLQueryPlan(QueryPlanCache.java:168)
	at org.hibernate.internal.AbstractSessionImpl.getHQLQueryPlan(AbstractSessionImpl.java:221)
	at org.hibernate.internal.AbstractSessionImpl.createQuery(AbstractSessionImpl.java:199)
	at org.hibernate.internal.SessionImpl.createQuery(SessionImpl.java:1778)
	at toubiao.dao.impl.BaseDaoImpl.find(BaseDaoImpl.java:94)
	at hibernate.TestJoinFetch.testJoinFetch(TestJoinFetch.java:48)
	at sun.reflect.NativeMethodAccessorImpl.invoke0(Native Method)
	at sun.reflect.NativeMethodAccessorImpl.invoke(NativeMethodAccessorImpl.java:57)
	at sun.reflect.DelegatingMethodAccessorImpl.invoke(DelegatingMethodAccessorImpl.java:43)
	at java.lang.reflect.Method.invoke(Method.java:606)
	at org.junit.runners.model.FrameworkMethod$1.runReflectiveCall(FrameworkMethod.java:47)
	at org.junit.internal.runners.model.ReflectiveCallable.run(ReflectiveCallable.java:12)
	at org.junit.runners.model.FrameworkMethod.invokeExplosively(FrameworkMethod.java:44)
	at org.junit.internal.runners.statements.InvokeMethod.evaluate(InvokeMethod.java:17)
	at org.springframework.test.context.junit4.statements.RunBeforeTestMethodCallbacks.evaluate(RunBeforeTestMethodCallbacks.java:74)
	at org.springframework.test.context.junit4.statements.RunAfterTestMethodCallbacks.evaluate(RunAfterTestMethodCallbacks.java:83)
	at org.springframework.test.context.junit4.statements.SpringRepeat.evaluate(SpringRepeat.java:72)
	at org.springframework.test.context.junit4.SpringJUnit4ClassRunner.runChild(SpringJUnit4ClassRunner.java:231)
	at org.junit.runners.BlockJUnit4ClassRunner.runChild(BlockJUnit4ClassRunner.java:50)
	at org.junit.runners.ParentRunner$3.run(ParentRunner.java:238)
	at org.junit.runners.ParentRunner$1.schedule(ParentRunner.java:63)
	at org.junit.runners.ParentRunner.runChildren(ParentRunner.java:236)
	at org.junit.runners.ParentRunner.access$000(ParentRunner.java:53)
	at org.junit.runners.ParentRunner$2.evaluate(ParentRunner.java:229)
	at org.springframework.test.context.junit4.statements.RunBeforeTestClassCallbacks.evaluate(RunBeforeTestClassCallbacks.java:61)
	at org.springframework.test.context.junit4.statements.RunAfterTestClassCallbacks.evaluate(RunAfterTestClassCallbacks.java:71)
	at org.junit.runners.ParentRunner.run(ParentRunner.java:309)
	at org.springframework.test.context.junit4.SpringJUnit4ClassRunner.run(SpringJUnit4ClassRunner.java:174)
	at org.apache.maven.surefire.junit4.JUnit4Provider.execute(JUnit4Provider.java:252)
	at org.apache.maven.surefire.junit4.JUnit4Provider.executeTestSet(JUnit4Provider.java:141)
	at org.apache.maven.surefire.junit4.JUnit4Provider.invoke(JUnit4Provider.java:112)
	at sun.reflect.NativeMethodAccessorImpl.invoke0(Native Method)
	at sun.reflect.NativeMethodAccessorImpl.invoke(NativeMethodAccessorImpl.java:57)
	at sun.reflect.DelegatingMethodAccessorImpl.invoke(DelegatingMethodAccessorImpl.java:43)
	at java.lang.reflect.Method.invoke(Method.java:606)
	at org.apache.maven.surefire.util.ReflectionUtils.invokeMethodWithArray(ReflectionUtils.java:189)
	at org.apache.maven.surefire.booter.ProviderFactory$ProviderProxy.invoke(ProviderFactory.java:165)
	at org.apache.maven.surefire.booter.ProviderFactory.invokeProvider(ProviderFactory.java:85)
	at org.apache.maven.surefire.booter.ForkedBooter.runSuitesInProcess(ForkedBooter.java:115)
	at org.apache.maven.surefire.booter.ForkedBooter.main(ForkedBooter.java:75)
</error>
    <system-err>ʮ�� 14, 2015 12:08:45 ���� org.springframework.test.context.transaction.TransactionalTestExecutionListener startNewTransaction
INFO: Began transaction (3): transaction manager [org.springframework.orm.hibernate4.HibernateTransactionManager@1ab9c88]; rollback [false]
ʮ�� 14, 2015 12:08:45 ���� org.springframework.test.context.transaction.TransactionalTestExecutionListener endTransaction
INFO: Committed transaction after test execution for test context [[TestContext@be476d testClass = TestJoinFetch, testInstance = hibernate.TestJoinFetch@1b0127e, testMethod = testJoinFetch@TestJoinFetch, testException = org.hibernate.QueryException: could not resolve property: projectPhotoList of: toubiao.model.Tproject [select distinct p from toubiao.model.Tproject p  left join fetch p.designerSet designer left join fetch p.contact contact left join fetch p.contractSet contract left join fetch p.departmentSet department left join fetch p.projectPhotoList photo where p.id=1 group by designer,contact,contract,department,photo], mergedContextConfiguration = [MergedContextConfiguration@16afc22 testClass = TestJoinFetch, locations = &apos;{classpath:spring.xml, classpath:spring-hibernate.xml}&apos;, classes = &apos;{}&apos;, activeProfiles = &apos;{}&apos;, contextLoader = &apos;org.springframework.test.context.support.DelegatingSmartContextLoader&apos;]]]
</system-err>
  </testcase>
</testsuite>